<?xml version="1.0" encoding="UTF-8"?>
<!-- Generated by org.testng.reporters.JUnitXMLReporter -->
<testsuite ignored="0" hostname="DESKTOP-Q6AMT1E" failures="1" tests="1" name="Test" time="0.253" errors="0" timestamp="2024-03-01T17:33:00 IST">
  <testcase classname="Com.Banking.TestCases.TC_002_AddCustomer" name="TC_002_Banking_AddCustomer" time="0.0">
    <failure type="java.lang.RuntimeException" message="java.lang.NullPointerException: Cannot invoke &amp;quot;Com.Banking.Utilities.ExcelReader.getRowCount(String)&amp;quot; because &amp;quot;this.reader&amp;quot; is null">
      <![CDATA[java.lang.RuntimeException: java.lang.NullPointerException: Cannot invoke "Com.Banking.Utilities.ExcelReader.getRowCount(String)" because "this.reader" is null
at java.base/java.util.ArrayList.forEach(ArrayList.java:1511)
Caused by: java.lang.NullPointerException: Cannot invoke "Com.Banking.Utilities.ExcelReader.getRowCount(String)" because "this.reader" is null
at Com.Banking.TestCases.TC_002_AddCustomer.getData(TC_002_AddCustomer.java:34)
... 25 more
... Removed 30 stack frames]]>
    </failure>
  </testcase> <!-- TC_002_Banking_AddCustomer -->
</testsuite> <!-- Test -->
